2021-09-01 10:57:40.054  INFO 4592 --- [main] lavalink.server.Launcher                 : 

[32m       .  [31m _                  _ _       _    [32m__ _ _
[32m      /\\ [31m| | __ ___   ____ _| (_)_ __ | | __[32m\ \ \ \
[32m     ( ( )[31m| |/ _` \ \ / / _` | | | '_ \| |/ /[32m \ \ \ \
[32m      \\/ [31m| | (_| |\ V / (_| | | | | | |   < [32m  ) ) ) )
[32m       '  [31m|_|\__,_| \_/ \__,_|_|_|_| |_|_|\_\[32m / / / /
[0m    =========================================[32m/_/_/_/[0m

	Version:        7ab68938bb85e09e38cbccc0d5e133276969686e-SNAPSHOT
	Build:          1242
	Build time:     05.07.2021 17:39:09 UTC
	Branch          dev
	Commit:         7ab6893
	Commit time:    05.07.2021 17:36:41 UTC
	JVM:            16.0.1
	Lavaplayer      1.3.78

2021-09-01 10:57:40.415  INFO 4592 --- [main] lavalink.server.Launcher                 : Starting Launcher on DESKTOP-BA48JFD with PID 4592 (F:\Beat-Music\Lavalink.jar started by Rohan Kumar in F:\Beat-Music)
2021-09-01 10:57:40.425  INFO 4592 --- [main] lavalink.server.Launcher                 : No active profile set, falling back to default profiles: default
2021-09-01 10:57:40.478  WARN 4592 --- [background-preinit] o.s.h.c.j.Jackson2ObjectMapperBuilder    : For Jackson Kotlin classes support please add "com.fasterxml.jackson.module:jackson-module-kotlin" to the classpath
2021-09-01 10:57:45.165  WARN 4592 --- [main] io.undertow.websockets.jsr               : UT026010: Buffer pool was not set on WebSocketDeploymentInfo, the default pool will be used
2021-09-01 10:57:45.234  INFO 4592 --- [main] io.undertow.servlet                      : Initializing Spring embedded WebApplicationContext
2021-09-01 10:57:45.235  INFO 4592 --- [main] o.s.web.context.ContextLoader            : Root WebApplicationContext: initialization completed in 4661 ms
2021-09-01 10:57:46.483  WARN 4592 --- [main] l.server.config.SentryConfiguration      : Turning off sentry
2021-09-01 10:57:46.659  INFO 4592 --- [main] c.s.l.e.y.tools.ip.Ipv6Block             : Using Ipv6Block with 18446744073709551616 addresses
2021-09-01 10:57:46.687  INFO 4592 --- [main] c.s.l.e.y.planner.AbstractRoutePlanner   : Active RoutePlanner: com.sedmelluq.lava.extensions.youtuberotator.planner.NanoIpRoutePlanner using total of 18446744073709551616 ips
2021-09-01 10:57:47.100  INFO 4592 --- [main] c.s.d.l.tools.GarbageCollectionMonitor   : GC monitoring enabled, reporting results every 2 minutes.
2021-09-01 10:57:47.619  INFO 4592 --- [main] lavalink.server.config.KoeConfiguration  : OS: Windows 10, Arch: amd64
2021-09-01 10:57:47.619  WARN 4592 --- [main] lavalink.server.config.KoeConfiguration  : This system and architecture appears to not support native audio sending! GC pauses may cause your bot to stutter during playback.
2021-09-01 10:57:48.082  INFO 4592 --- [main] o.s.s.concurrent.ThreadPoolTaskExecutor  : Initializing ExecutorService 'applicationTaskExecutor'
2021-09-01 10:57:48.798  INFO 4592 --- [main] org.xnio                                 : XNIO version 3.3.8.Final
2021-09-01 10:57:48.932  INFO 4592 --- [main] org.xnio.nio                             : XNIO NIO Implementation Version 3.3.8.Final
2021-09-01 10:57:49.232  INFO 4592 --- [main] o.s.b.w.e.u.UndertowServletWebServer     : Undertow started on port(s) 8000 (http) with context path ''
2021-09-01 10:57:49.241  INFO 4592 --- [main] lavalink.server.Launcher                 : Started Launcher in 10.675 seconds (JVM running for 12.258)
2021-09-01 10:57:49.245  INFO 4592 --- [main] lavalink.server.Launcher                 : You can safely ignore the big red warning about illegal reflection. See https://github.com/freyacodes/Lavalink/issues/295
2021-09-01 10:59:14.305  INFO 4592 --- [XNIO-1 task-1] io.undertow.servlet                      : Initializing Spring DispatcherServlet 'dispatcherServlet'
2021-09-01 10:59:14.306  INFO 4592 --- [XNIO-1 task-1] o.s.web.servlet.DispatcherServlet        : Initializing Servlet 'dispatcherServlet'
2021-09-01 10:59:14.351  INFO 4592 --- [XNIO-1 task-1] o.s.web.servlet.DispatcherServlet        : Completed initialization in 44 ms
2021-09-01 10:59:14.460  INFO 4592 --- [XNIO-1 task-1] l.server.io.HandshakeInterceptorImpl     : Incoming connection from /127.0.0.1:4800
2021-09-01 10:59:14.701  INFO 4592 --- [XNIO-1 task-1] lavalink.server.io.SocketServer          : Connection successfully established from erela.js
2021-09-01 11:00:33.763  INFO 4592 --- [XNIO-1 I/O-1] lavalink.server.io.SocketServer          : Connection closed from /127.0.0.1:4800 -- CloseStatus[code=1006, reason=]
2021-09-01 11:00:33.764  INFO 4592 --- [XNIO-1 I/O-1] lavalink.server.io.SocketContext         : Shutting down 0 playing players.
2021-09-01 11:01:52.591  INFO 4592 --- [XNIO-1 task-2] l.server.io.HandshakeInterceptorImpl     : Incoming connection from /127.0.0.1:4834
2021-09-01 11:01:52.607  INFO 4592 --- [XNIO-1 task-2] lavalink.server.io.SocketServer          : Connection successfully established from erela.js
2021-09-01 11:04:33.648  INFO 4592 --- [XNIO-1 I/O-3] lavalink.server.io.SocketServer          : Connection closed from /127.0.0.1:4834 -- CloseStatus[code=1006, reason=]
2021-09-01 11:04:33.654  INFO 4592 --- [XNIO-1 I/O-3] lavalink.server.io.SocketContext         : Shutting down 0 playing players.
2021-09-01 11:04:52.992  INFO 4592 --- [XNIO-1 task-3] l.server.io.HandshakeInterceptorImpl     : Incoming connection from /127.0.0.1:7778
2021-09-01 11:04:52.997  INFO 4592 --- [XNIO-1 task-3] lavalink.server.io.SocketServer          : Connection successfully established from erela.js
2021-09-01 11:06:16.446  INFO 4592 --- [XNIO-1 I/O-3] lavalink.server.io.SocketServer          : {"op":"volume","guildId":"851062487977951252","volume":100}
2021-09-01 11:06:16.533  INFO 4592 --- [XNIO-1 task-4] l.server.player.AudioLoaderRestHandler   : Got request to load for identifier "ytsearch:human"
2021-09-01 11:06:16.924  WARN 4592 --- [lava-daemon-pool-info-loader-2-thread-1] c.s.l.e.y.planner.NanoIpRoutePlanner     : Could not look up AAAA record for host. Falling back to unbalanced IPv4.
2021-09-01 11:06:16.938  INFO 4592 --- [XNIO-1 I/O-3] lavalink.server.io.SocketServer          : {"sessionId":"bbe0d1c63e5cebed2db1614a73d1c3d6","op":"voiceUpdate","guildId":"851062487977951252","event":{"token":"aaa76e51b67d7c5b","guild_id":"851062487977951252","endpoint":"india9675.discord.media:443"}}
2021-09-01 11:06:20.924  INFO 4592 --- [lava-daemon-pool-info-loader-2-thread-1] lavalink.server.player.AudioLoader       : Loaded playlist Search results for: human
2021-09-01 11:06:21.402  INFO 4592 --- [XNIO-1 I/O-3] lavalink.server.io.SocketServer          : Connection closed from /127.0.0.1:7778 -- CloseStatus[code=1006, reason=]
2021-09-01 11:06:21.403  INFO 4592 --- [XNIO-1 I/O-3] lavalink.server.io.SocketContext         : Shutting down 0 playing players.
2021-09-01 11:06:39.970  INFO 4592 --- [XNIO-1 task-6] l.server.io.HandshakeInterceptorImpl     : Incoming connection from /127.0.0.1:8083
2021-09-01 11:06:39.975  INFO 4592 --- [XNIO-1 task-6] lavalink.server.io.SocketServer          : Connection successfully established from erela.js
2021-09-01 11:08:38.061  INFO 4592 --- [XNIO-1 I/O-4] lavalink.server.io.SocketServer          : {"op":"volume","guildId":"851062487977951252","volume":100}
2021-09-01 11:08:38.072  INFO 4592 --- [XNIO-1 task-7] l.server.player.AudioLoaderRestHandler   : Got request to load for identifier "ytsearch:human"
2021-09-01 11:08:38.093  WARN 4592 --- [lava-daemon-pool-info-loader-2-thread-1] c.s.l.e.y.planner.NanoIpRoutePlanner     : Could not look up AAAA record for host. Falling back to unbalanced IPv4.
2021-09-01 11:08:38.633  INFO 4592 --- [XNIO-1 I/O-4] lavalink.server.io.SocketServer          : {"sessionId":"e27816f1232c5b81cb06acedc4381ca2","op":"voiceUpdate","guildId":"851062487977951252","event":{"token":"2c11bedfc8af2719","guild_id":"851062487977951252","endpoint":"india9675.discord.media:443"}}
2021-09-01 11:08:39.397  INFO 4592 --- [lava-daemon-pool-info-loader-2-thread-1] lavalink.server.player.AudioLoader       : Loaded playlist Search results for: human
2021-09-01 11:08:50.583  INFO 4592 --- [XNIO-1 I/O-4] lavalink.server.io.SocketServer          : Connection closed from /127.0.0.1:8083 -- CloseStatus[code=1006, reason=]
2021-09-01 11:08:50.584  INFO 4592 --- [XNIO-1 I/O-4] lavalink.server.io.SocketContext         : Shutting down 0 playing players.
2021-09-01 11:10:00.202  INFO 4592 --- [XNIO-1 task-9] l.server.io.HandshakeInterceptorImpl     : Incoming connection from /127.0.0.1:8104
2021-09-01 11:10:00.211  INFO 4592 --- [XNIO-1 task-9] lavalink.server.io.SocketServer          : Connection successfully established from erela.js
2021-09-01 11:12:51.890  INFO 4592 --- [XNIO-1 I/O-1] lavalink.server.io.SocketServer          : {"op":"volume","guildId":"851062487977951252","volume":100}
2021-09-01 11:12:51.904  INFO 4592 --- [XNIO-1 task-10] l.server.player.AudioLoaderRestHandler   : Got request to load for identifier "ytsearch:human"
2021-09-01 11:12:51.909  WARN 4592 --- [lava-daemon-pool-info-loader-2-thread-1] c.s.l.e.y.planner.NanoIpRoutePlanner     : Could not look up AAAA record for host. Falling back to unbalanced IPv4.
2021-09-01 11:12:52.417  INFO 4592 --- [XNIO-1 I/O-1] lavalink.server.io.SocketServer          : {"sessionId":"b9736332deac7e3e65ce9ec10a858429","op":"voiceUpdate","guildId":"851062487977951252","event":{"token":"1b3e75a46625a0a2","guild_id":"851062487977951252","endpoint":"india1069.discord.media:443"}}
2021-09-01 11:12:52.919  INFO 4592 --- [lava-daemon-pool-info-loader-2-thread-1] lavalink.server.player.AudioLoader       : Loaded playlist Search results for: human
2021-09-01 11:12:53.465  INFO 4592 --- [XNIO-1 I/O-1] lavalink.server.io.SocketServer          : {"op":"play","guildId":"851062487977951252","track":"QAAAjwIAJ1JhZyduJ0JvbmUgTWFuIC0gSHVtYW4gKE9mZmljaWFsIFZpZGVvKQAOUmFnJ24nQm9uZSBNYW4AAAAAAAMFcAALTDN3S3p5SU4xeWsAAQAraHR0cHM6Ly93d3cueW91dHViZS5jb20vd2F0Y2g/dj1MM3dLenlJTjF5awAHeW91dHViZQAAAAAAAAAA"}
2021-09-01 11:12:53.525  WARN 4592 --- [lava-daemon-pool-playback-1-thread-1] c.s.l.e.y.planner.NanoIpRoutePlanner     : Could not look up AAAA record for host. Falling back to unbalanced IPv4.
2021-09-01 11:12:54.380  WARN 4592 --- [lava-daemon-pool-playback-1-thread-1] c.s.l.e.y.planner.NanoIpRoutePlanner     : Could not look up AAAA record for host. Falling back to unbalanced IPv4.
2021-09-01 11:12:54.871  WARN 4592 --- [lava-daemon-pool-playback-1-thread-1] c.s.l.e.y.planner.NanoIpRoutePlanner     : Could not look up AAAA record for host. Falling back to unbalanced IPv4.
2021-09-01 11:12:55.448  WARN 4592 --- [lava-daemon-pool-playback-1-thread-1] c.s.l.e.y.planner.NanoIpRoutePlanner     : Could not look up AAAA record for host. Falling back to unbalanced IPv4.
2021-09-01 11:13:24.503  INFO 4592 --- [XNIO-1 I/O-1] lavalink.server.io.SocketServer          : {"op":"pause","guildId":"851062487977951252","pause":true}
2021-09-01 11:13:24.505  INFO 4592 --- [XNIO-1 I/O-1] lavalink.server.io.SocketServer          : {"op":"destroy","guildId":"851062487977951252"}
2021-09-01 11:14:28.741  INFO 4592 --- [XNIO-1 I/O-1] lavalink.server.io.SocketServer          : {"op":"volume","guildId":"851062487977951252","volume":100}
2021-09-01 11:14:29.283  INFO 4592 --- [XNIO-1 I/O-1] lavalink.server.io.SocketServer          : {"sessionId":"b9736332deac7e3e65ce9ec10a858429","op":"voiceUpdate","guildId":"851062487977951252","event":{"token":"c96fdc0f207c0b5b","guild_id":"851062487977951252","endpoint":"india1069.discord.media:443"}}
2021-09-01 11:14:30.802  INFO 4592 --- [XNIO-1 task-12] l.server.player.AudioLoaderRestHandler   : Got request to load for identifier "ytsearch:X Ambassadors - Renegades"
2021-09-01 11:14:30.806  WARN 4592 --- [lava-daemon-pool-info-loader-2-thread-1] c.s.l.e.y.planner.NanoIpRoutePlanner     : Could not look up AAAA record for host. Falling back to unbalanced IPv4.
2021-09-01 11:14:31.698  INFO 4592 --- [lava-daemon-pool-info-loader-2-thread-1] lavalink.server.player.AudioLoader       : Loaded playlist Search results for: X Ambassadors - Renegades
2021-09-01 11:14:31.728  INFO 4592 --- [XNIO-1 I/O-1] lavalink.server.io.SocketServer          : {"op":"play","guildId":"851062487977951252","track":"QAAAjgIAJ1ggQW1iYXNzYWRvcnMgLSBSZW5lZ2FkZXMgKEx5cmljIFZpZGVvKQANWCBBbWJhc3NhZG9ycwAAAAAAAvXQAAs4ajc0MVRVSUVUMAABACtodHRwczovL3d3dy55b3V0dWJlLmNvbS93YXRjaD92PThqNzQxVFVJRVQwAAd5b3V0dWJlAAAAAAAAAAA="}
2021-09-01 11:14:31.795  WARN 4592 --- [lava-daemon-pool-playback-1-thread-1] c.s.l.e.y.planner.NanoIpRoutePlanner     : Could not look up AAAA record for host. Falling back to unbalanced IPv4.
2021-09-01 11:14:32.594  WARN 4592 --- [lava-daemon-pool-playback-1-thread-1] c.s.l.e.y.planner.NanoIpRoutePlanner     : Could not look up AAAA record for host. Falling back to unbalanced IPv4.
2021-09-01 11:15:24.446  INFO 4592 --- [XNIO-1 I/O-1] lavalink.server.io.SocketServer          : {"op":"pause","guildId":"851062487977951252","pause":true}
2021-09-01 11:15:24.450  INFO 4592 --- [XNIO-1 I/O-1] lavalink.server.io.SocketServer          : {"op":"destroy","guildId":"851062487977951252"}
2021-09-01 11:16:38.517  INFO 4592 --- [XNIO-1 I/O-1] lavalink.server.io.SocketServer          : {"op":"volume","guildId":"851062487977951252","volume":100}
2021-09-01 11:16:39.047  INFO 4592 --- [XNIO-1 I/O-1] lavalink.server.io.SocketServer          : {"sessionId":"b9736332deac7e3e65ce9ec10a858429","op":"voiceUpdate","guildId":"851062487977951252","event":{"token":"adb134f9b8b857b6","guild_id":"851062487977951252","endpoint":"india1069.discord.media:443"}}
2021-09-01 11:16:40.747  INFO 4592 --- [XNIO-1 task-14] l.server.player.AudioLoaderRestHandler   : Got request to load for identifier "ytsearch:X Ambassadors - Renegades"
2021-09-01 11:16:40.750  WARN 4592 --- [lava-daemon-pool-info-loader-2-thread-1] c.s.l.e.y.planner.NanoIpRoutePlanner     : Could not look up AAAA record for host. Falling back to unbalanced IPv4.
2021-09-01 11:16:41.884  INFO 4592 --- [lava-daemon-pool-info-loader-2-thread-1] lavalink.server.player.AudioLoader       : Loaded playlist Search results for: X Ambassadors - Renegades
2021-09-01 11:16:41.898  INFO 4592 --- [XNIO-1 I/O-1] lavalink.server.io.SocketServer          : {"op":"play","guildId":"851062487977951252","track":"QAAAjgIAJ1ggQW1iYXNzYWRvcnMgLSBSZW5lZ2FkZXMgKEx5cmljIFZpZGVvKQANWCBBbWJhc3NhZG9ycwAAAAAAAvXQAAs4ajc0MVRVSUVUMAABACtodHRwczovL3d3dy55b3V0dWJlLmNvbS93YXRjaD92PThqNzQxVFVJRVQwAAd5b3V0dWJlAAAAAAAAAAA="}
2021-09-01 11:16:41.905  WARN 4592 --- [lava-daemon-pool-playback-1-thread-1] c.s.l.e.y.planner.NanoIpRoutePlanner     : Could not look up AAAA record for host. Falling back to unbalanced IPv4.
2021-09-01 11:16:43.651  WARN 4592 --- [lava-daemon-pool-playback-1-thread-1] c.s.l.e.y.planner.NanoIpRoutePlanner     : Could not look up AAAA record for host. Falling back to unbalanced IPv4.
2021-09-01 11:16:47.648  INFO 4592 --- [XNIO-1 I/O-1] lavalink.server.io.SocketServer          : {"op":"pause","guildId":"851062487977951252","pause":true}
2021-09-01 11:16:47.649  INFO 4592 --- [XNIO-1 I/O-1] lavalink.server.io.SocketServer          : {"op":"destroy","guildId":"851062487977951252"}
2021-09-01 11:21:46.628  INFO 4592 --- [XNIO-1 I/O-1] lavalink.server.io.SocketServer          : Connection closed from /127.0.0.1:8104 -- CloseStatus[code=1006, reason=]
2021-09-01 11:21:46.629  INFO 4592 --- [XNIO-1 I/O-1] lavalink.server.io.SocketContext         : Shutting down 0 playing players.
2021-09-01 11:27:04.562  INFO 4592 --- [XNIO-1 task-16] l.server.io.HandshakeInterceptorImpl     : Incoming connection from /127.0.0.1:6858
2021-09-01 11:27:04.569  INFO 4592 --- [XNIO-1 task-16] lavalink.server.io.SocketServer          : Connection successfully established from erela.js
2021-09-01 11:27:07.469  INFO 4592 --- [XNIO-1 I/O-3] lavalink.server.io.SocketServer          : {"op":"volume","guildId":"851062487977951252","volume":100}
2021-09-01 11:27:08.607  INFO 4592 --- [XNIO-1 task-17] l.server.player.AudioLoaderRestHandler   : Got request to load for identifier "ytsearch:X Ambassadors - Renegades"
2021-09-01 11:27:08.618  WARN 4592 --- [lava-daemon-pool-info-loader-2-thread-1] c.s.l.e.y.planner.NanoIpRoutePlanner     : Could not look up AAAA record for host. Falling back to unbalanced IPv4.
2021-09-01 11:27:08.677  INFO 4592 --- [XNIO-1 I/O-3] lavalink.server.io.SocketServer          : {"sessionId":"155c7defae1da30166772c9225f608ae","op":"voiceUpdate","guildId":"851062487977951252","event":{"token":"2d0210f0c00e10ea","guild_id":"851062487977951252","endpoint":"india1069.discord.media:443"}}
2021-09-01 11:27:09.436  INFO 4592 --- [lava-daemon-pool-info-loader-2-thread-1] lavalink.server.player.AudioLoader       : Loaded playlist Search results for: X Ambassadors - Renegades
2021-09-01 11:27:09.454  INFO 4592 --- [XNIO-1 I/O-3] lavalink.server.io.SocketServer          : {"op":"play","guildId":"851062487977951252","track":"QAAAjgIAJ1ggQW1iYXNzYWRvcnMgLSBSZW5lZ2FkZXMgKEx5cmljIFZpZGVvKQANWCBBbWJhc3NhZG9ycwAAAAAAAvXQAAs4ajc0MVRVSUVUMAABACtodHRwczovL3d3dy55b3V0dWJlLmNvbS93YXRjaD92PThqNzQxVFVJRVQwAAd5b3V0dWJlAAAAAAAAAAA="}
2021-09-01 11:27:09.457  WARN 4592 --- [lava-daemon-pool-playback-1-thread-1] c.s.l.e.y.planner.NanoIpRoutePlanner     : Could not look up AAAA record for host. Falling back to unbalanced IPv4.
2021-09-01 11:27:10.335  WARN 4592 --- [lava-daemon-pool-playback-1-thread-1] c.s.l.e.y.planner.NanoIpRoutePlanner     : Could not look up AAAA record for host. Falling back to unbalanced IPv4.
2021-09-01 11:27:11.248  WARN 4592 --- [lava-daemon-pool-playback-1-thread-1] c.s.l.e.y.planner.NanoIpRoutePlanner     : Could not look up AAAA record for host. Falling back to unbalanced IPv4.
2021-09-01 11:29:12.256  INFO 4592 --- [XNIO-1 I/O-3] lavalink.server.io.SocketServer          : Connection closed from /127.0.0.1:6858 -- CloseStatus[code=1006, reason=]
2021-09-01 11:29:12.264  INFO 4592 --- [XNIO-1 I/O-3] lavalink.server.io.SocketContext         : Shutting down 1 playing players.
2021-09-01 11:36:05.591  INFO 4592 --- [XNIO-1 task-19] l.server.io.HandshakeInterceptorImpl     : Incoming connection from /127.0.0.1:2110
2021-09-01 11:36:05.600  INFO 4592 --- [XNIO-1 task-19] lavalink.server.io.SocketServer          : Connection successfully established from erela.js
2021-09-01 11:36:51.881  INFO 4592 --- [XNIO-1 I/O-3] lavalink.server.io.SocketServer          : {"op":"volume","guildId":"851062487977951252","volume":100}
2021-09-01 11:36:52.416  INFO 4592 --- [XNIO-1 I/O-3] lavalink.server.io.SocketServer          : {"sessionId":"f349e613a406e8a37fd736e8b95abd35","op":"voiceUpdate","guildId":"851062487977951252","event":{"token":"ca8a689e99b11c42","guild_id":"851062487977951252","endpoint":"india6099.discord.media:443"}}
2021-09-01 11:37:48.635  INFO 4592 --- [XNIO-1 I/O-3] lavalink.server.io.SocketServer          : Connection closed from /127.0.0.1:2110 -- CloseStatus[code=1006, reason=]
2021-09-01 11:37:48.641  INFO 4592 --- [XNIO-1 I/O-3] lavalink.server.io.SocketContext         : Shutting down 0 playing players.
2021-09-01 11:38:22.186  INFO 4592 --- [XNIO-1 task-20] l.server.io.HandshakeInterceptorImpl     : Incoming connection from /127.0.0.1:4924
2021-09-01 11:38:22.193  INFO 4592 --- [XNIO-1 task-20] lavalink.server.io.SocketServer          : Connection successfully established from erela.js
2021-09-01 11:38:26.158  INFO 4592 --- [XNIO-1 I/O-1] lavalink.server.io.SocketServer          : {"op":"volume","guildId":"851062487977951252","volume":100}
2021-09-01 11:38:26.794  INFO 4592 --- [XNIO-1 task-21] l.server.player.AudioLoaderRestHandler   : Got request to load for identifier "ytsearch:X Ambassadors - Renegades"
2021-09-01 11:38:26.810  WARN 4592 --- [lava-daemon-pool-info-loader-2-thread-1] c.s.l.e.y.planner.NanoIpRoutePlanner     : Could not look up AAAA record for host. Falling back to unbalanced IPv4.
2021-09-01 11:38:27.362  INFO 4592 --- [XNIO-1 I/O-1] lavalink.server.io.SocketServer          : {"sessionId":"62c52c37100ab0749f4239c4f058051c","op":"voiceUpdate","guildId":"851062487977951252","event":{"token":"ca8a689e99b11c42","guild_id":"851062487977951252","endpoint":"india6099.discord.media:443"}}
2021-09-01 11:38:27.819  INFO 4592 --- [lava-daemon-pool-info-loader-2-thread-1] lavalink.server.player.AudioLoader       : Loaded playlist Search results for: X Ambassadors - Renegades
2021-09-01 11:38:27.845  INFO 4592 --- [XNIO-1 I/O-1] lavalink.server.io.SocketServer          : {"op":"play","guildId":"851062487977951252","track":"QAAAjgIAJ1ggQW1iYXNzYWRvcnMgLSBSZW5lZ2FkZXMgKEx5cmljIFZpZGVvKQANWCBBbWJhc3NhZG9ycwAAAAAAAvXQAAs4ajc0MVRVSUVUMAABACtodHRwczovL3d3dy55b3V0dWJlLmNvbS93YXRjaD92PThqNzQxVFVJRVQwAAd5b3V0dWJlAAAAAAAAAAA="}
2021-09-01 11:38:27.851  WARN 4592 --- [lava-daemon-pool-playback-1-thread-1] c.s.l.e.y.planner.NanoIpRoutePlanner     : Could not look up AAAA record for host. Falling back to unbalanced IPv4.
2021-09-01 11:38:28.643  WARN 4592 --- [lava-daemon-pool-playback-1-thread-1] c.s.l.e.y.planner.NanoIpRoutePlanner     : Could not look up AAAA record for host. Falling back to unbalanced IPv4.
2021-09-01 11:38:29.568  WARN 4592 --- [lava-daemon-pool-playback-1-thread-1] c.s.l.e.y.planner.NanoIpRoutePlanner     : Could not look up AAAA record for host. Falling back to unbalanced IPv4.
2021-09-01 11:39:03.771  INFO 4592 --- [XNIO-1 I/O-1] lavalink.server.io.SocketServer          : {"op":"pause","guildId":"851062487977951252","pause":true}
2021-09-01 11:39:03.773  INFO 4592 --- [XNIO-1 I/O-1] lavalink.server.io.SocketServer          : {"op":"destroy","guildId":"851062487977951252"}
2021-09-01 11:39:10.423  INFO 4592 --- [XNIO-1 I/O-1] lavalink.server.io.SocketServer          : {"op":"volume","guildId":"851062487977951252","volume":100}
2021-09-01 11:39:10.983  INFO 4592 --- [XNIO-1 I/O-1] lavalink.server.io.SocketServer          : {"sessionId":"62c52c37100ab0749f4239c4f058051c","op":"voiceUpdate","guildId":"851062487977951252","event":{"token":"3050aedb41613ccd","guild_id":"851062487977951252","endpoint":"india6099.discord.media:443"}}
2021-09-01 11:40:35.264  INFO 4592 --- [XNIO-1 I/O-1] lavalink.server.io.SocketServer          : Connection closed from /127.0.0.1:4924 -- CloseStatus[code=1006, reason=]
2021-09-01 11:40:35.266  INFO 4592 --- [XNIO-1 I/O-1] lavalink.server.io.SocketContext         : Shutting down 0 playing players.
